build/app/outputs/mapping/release/seeds.txt
com.example.taf.MainActivity
com.example.taf.MainActivity: MainActivity()
...
kotlinx.coroutines.scheduling.CoroutineScheduler: long controlState
kotlinx.coroutines.InvokeOnCancelling: int _invoked
kotlinx.coroutines.internal.DispatchedContinuation: java.lang.Object _reusableCancellableContinuation
kotlinx.coroutines.internal.LockFreeLinkedListNode: java.lang.Object _removedRef
androidx.window.core.Version: androidx.window.core.Version$Companion Companion
androidx.window.R$styleable: int SplitPairRule_clearTop
androidx.window.R$styleable: int ActivityRule_alwaysExpand
androidx.window.embedding.ExtensionEmbeddingBackend$SplitListenerWrapper: java.util.List lastValue
androidx.window.java.layout.WindowInfoTrackerCallbackAdapter$addListener$1$1: int label
androidx.window.embedding.ExtensionEmbeddingBackend$SplitListenerWrapper: androidx.core.util.Consumer callback
androidx.window.layout.FoldingFeature$OcclusionType: java.lang.String description
kotlinx.coroutines.CancellableContinuationImpl: int _decision
androidx.window.layout.SidecarCompat$DistinctSidecarElementCallback: androidx.window.sidecar.SidecarDeviceState lastDeviceState
androidx.window.layout.SidecarCompat$DistinctSidecarElementCallback: java.util.concurrent.locks.ReentrantLock lock
androidx.window.core.Version: kotlin.Lazy bigInteger$delegate
androidx.window.embedding.ExtensionEmbeddingBackend$EmbeddingCallbackImpl: java.util.List lastInfo
androidx.lifecycle.Lifecycle$Event: androidx.lifecycle.Lifecycle$Event ON_START
androidx.lifecycle.Lifecycle$Event: androidx.lifecycle.Lifecycle$Event ON_ANY
kotlinx.coroutines.scheduling.CoroutineScheduler: int _isTerminated
androidx.window.R$styleable: int SplitPairFilter_secondaryActivityAction
kotlinx.coroutines.DispatchedCoroutine: int _decision
io.flutter.embedding.engine.FlutterJNI: boolean initCalled
io.flutter.embedding.engine.FlutterJNI: java.util.concurrent.locks.ReentrantReadWriteLock shellHolderLock
kotlinx.coroutines.scheduling.CoroutineScheduler$Worker: int indexInArray
androidx.window.layout.FoldingFeature$Orientation: androidx.window.layout.FoldingFeature$Orientation HORIZONTAL
kotlinx.coroutines.android.AndroidExceptionPreHandler: java.lang.Object _preHandler
androidx.window.R$styleable: int SplitPlaceholderRule_splitMinSmallestWidth
androidx.window.R$attr: int placeholderActivityName
androidx.lifecycle.Lifecycle$Event: androidx.lifecycle.Lifecycle$Event ON_CREATE
kotlin.jvm.internal.CallableReference: java.lang.String name
androidx.window.layout.SidecarWindowBackend: boolean DEBUG
androidx.window.layout.WindowMetricsCalculatorCompat: androidx.window.layout.WindowMetricsCalculatorCompat INSTANCE
io.flutter.plugin.platform.SingleViewPresentation: boolean startFocused
androidx.window.embedding.ExtensionEmbeddingBackend: java.util.concurrent.locks.ReentrantLock globalLock
androidx.window.R$styleable: int SplitPairRule_finishPrimaryWithSecondary
androidx.window.embedding.SplitPairFilter: android.content.ComponentName secondaryActivityName
androidx.window.layout.SidecarCompat: androidx.window.layout.ExtensionInterfaceCompat$ExtensionCallbackInterface extensionCallback
androidx.window.layout.ExtensionWindowLayoutInfoBackend$MulticastConsumer: java.util.concurrent.locks.ReentrantLock multicastConsumerLock
kotlinx.coroutines.internal.AtomicOp: java.lang.Object _consensus
androidx.window.R$attr: int clearTop
androidx.window.layout.DisplayCompatHelperApi28: androidx.window.layout.DisplayCompatHelperApi28 INSTANCE
androidx.window.layout.WindowInfoTracker$Companion: java.lang.String TAG
androidx.window.layout.SidecarCompat$DistinctSidecarElementCallback: java.util.WeakHashMap mActivityWindowLayoutInfo
androidx.window.R$attr: int finishSecondaryWithPrimary
io.flutter.view.AccessibilityViewEmbedder: java.util.Map originToFlutterId
io.flutter.plugin.editing.ImeSyncDeferringInsetsCallback$AnimationCallback: io.flutter.plugin.editing.ImeSyncDeferringInsetsCallback this$0
androidx.window.layout.WindowMetricsCalculator$Companion$reset$1: androidx.window.layout.WindowMetricsCalculator$Companion$reset$1 INSTANCE