build/app/outputs/mapping/release/mapping.txt
# compiler: R8
# compiler_version: 4.0.52
# min_api: 19
# common_typos_disable
# {"id":"com.android.tools.r8.mapping","version":"2.1"}
# pg_map_id: b4f5283
# pg_map_hash: SHA-256 b4f5283f3980d0ee26ea6039d4931ee12d50e129d3752e150dad2162f4bcbdca
...
io.flutter.embedding.engine.systemchannels.PlatformChannel$DeviceOrientation -> v.j$f:
    io.flutter.embedding.engine.systemchannels.PlatformChannel$DeviceOrientation[] $VALUES -> i
    io.flutter.embedding.engine.systemchannels.PlatformChannel$DeviceOrientation LANDSCAPE_RIGHT -> h
    io.flutter.embedding.engine.systemchannels.PlatformChannel$DeviceOrientation LANDSCAPE_LEFT -> g
    io.flutter.embedding.engine.systemchannels.PlatformChannel$DeviceOrientation PORTRAIT_DOWN -> f
    io.flutter.embedding.engine.systemchannels.PlatformChannel$DeviceOrientation PORTRAIT_UP -> e
    java.lang.String encodedName -> d
    io.flutter.embedding.engine.systemchannels.PlatformChannel$DeviceOrientation fromValue(java.lang.String) -> a
io.flutter.embedding.engine.systemchannels.PlatformChannel$HapticFeedbackType -> v.j$g:
    io.flutter.embedding.engine.systemchannels.PlatformChannel$HapticFeedbackType SELECTION_CLICK -> i
    io.flutter.embedding.engine.systemchannels.PlatformChannel$HapticFeedbackType MEDIUM_IMPACT -> g
    io.flutter.embedding.engine.systemchannels.PlatformChannel$HapticFeedbackType HEAVY_IMPACT -> h
    io.flutter.embedding.engine.systemchannels.PlatformChannel$HapticFeedbackType STANDARD -> e
    io.flutter.embedding.engine.systemchannels.PlatformChannel$HapticFeedbackType[] $VALUES -> j
    io.flutter.embedding.engine.systemchannels.PlatformChannel$HapticFeedbackType LIGHT_IMPACT -> f
    java.lang.String encodedName -> d
    io.flutter.embedding.engine.systemchannels.PlatformChannel$HapticFeedbackType fromValue(java.lang.String) -> a
io.flutter.embedding.engine.systemchannels.PlatformChannel$PlatformMessageHandler -> v.j$h:
    void popSystemNavigator() -> a
    void setSystemUiChangeListener() -> b
    java.lang.CharSequence getClipboardData(io.flutter.embedding.engine.systemchannels.PlatformChannel$ClipboardContentFormat) -> c
    void restoreSystemUiOverlays() -> d
    void setClipboardData(java.lang.String) -> e
    void setFrameworkHandlesBack(boolean) -> f
    void playSystemSound(io.flutter.embedding.engine.systemchannels.PlatformChannel$SoundType) -> g
    void setSystemUiOverlayStyle(io.flutter.embedding.engine.systemchannels.PlatformChannel$SystemChromeStyle) -> h
    void setPreferredOrientations(int) -> i
    void setApplicationSwitcherDescription(io.flutter.embedding.engine.systemchannels.PlatformChannel$AppSwitcherDescription) -> j
    void showSystemOverlays(java.util.List) -> k
    boolean clipboardHasStrings() -> l
    void showSystemUiMode(io.flutter.embedding.engine.systemchannels.PlatformChannel$SystemUiMode) -> m
    void vibrateHapticFeedback(io.flutter.embedding.engine.systemchannels.PlatformChannel$HapticFeedbackType) -> n
io.flutter.embedding.engine.systemchannels.PlatformChannel$SoundType -> v.j$i:
    io.flutter.embedding.engine.systemchannels.PlatformChannel$SoundType CLICK -> e
    io.flutter.embedding.engine.systemchannels.PlatformChannel$SoundType[] $VALUES -> g
    io.flutter.embedding.engine.systemchannels.PlatformChannel$SoundType ALERT -> f
    java.lang.String encodedName -> d
    io.flutter.embedding.engine.systemchannels.PlatformChannel$SoundType fromValue(java.lang.String) -> a
io.flutter.embedding.engine.systemchannels.PlatformChannel$SystemChromeStyle -> v.j$j:
    java.lang.Boolean systemNavigationBarContrastEnforced -> g
    java.lang.Integer systemNavigationBarColor -> d
    java.lang.Integer systemNavigationBarDividerColor -> f
    io.flutter.embedding.engine.systemchannels.PlatformChannel$Brightness systemNavigationBarIconBrightness -> e
    io.flutter.embedding.engine.systemchannels.PlatformChannel$Brightness statusBarIconBrightness -> b
    java.lang.Boolean systemStatusBarContrastEnforced -> c
    java.lang.Integer statusBarColor -> a