build/app/outputs/mapping/release/usage.txt
com.example.taf.BuildConfig
com.example.taf.R$attr
com.example.taf.R$color
com.example.taf.R$dimen
com.example.taf.R$drawable
com.example.taf.R$id
com.example.taf.R$integer
com.example.taf.R$layout
com.example.taf.R$mipmap
com.example.taf.R$string
com.example.taf.R$style
com.example.taf.R$styleable
com.example.taf.R$xml
com.example.taf.R
...
io.flutter.FlutterInjector$Builder:
    private io.flutter.embedding.engine.deferredcomponents.DeferredComponentManager deferredComponentManager
io.flutter.FlutterInjector:
    private io.flutter.embedding.engine.deferredcomponents.DeferredComponentManager deferredComponentManager
io.flutter.Log:
    public static int ASSERT
    public static int DEBUG
    public static int ERROR
    public static int INFO
    public static int VERBOSE
    public static int WARN
    private static int logLevel
io.flutter.embedding.engine.FlutterEngineConnectionRegistry$FlutterEngineBroadcastReceiverPluginBinding
io.flutter.embedding.engine.FlutterEngineConnectionRegistry$FlutterEngineContentProviderPluginBinding
io.flutter.embedding.engine.FlutterEngineConnectionRegistry$FlutterEngineServicePluginBinding
io.flutter.embedding.engine.FlutterEngineConnectionRegistry:
    private io.flutter.embedding.engine.FlutterEngineConnectionRegistry$FlutterEngineBroadcastReceiverPluginBinding broadcastReceiverPluginBinding
    private io.flutter.embedding.engine.FlutterEngineConnectionRegistry$FlutterEngineContentProviderPluginBinding contentProviderPluginBinding
    private io.flutter.embedding.engine.FlutterEngineConnectionRegistry$FlutterEngineServicePluginBinding servicePluginBinding
io.flutter.embedding.engine.dart.DartExecutor$DefaultBinaryMessenger:
    public void setMessageHandler(java.lang.String,io.flutter.plugin.common.BinaryMessenger$BinaryMessageHandler,io.flutter.plugin.common.BinaryMessenger$TaskQueue)
io.flutter.embedding.engine.dart.DartExecutor$IsolateServiceIdListener:
    public abstract void onIsolateServiceIdAvailable(java.lang.String)
io.flutter.embedding.engine.dart.DartExecutor:
    private io.flutter.embedding.engine.dart.DartExecutor$IsolateServiceIdListener isolateServiceIdListener
    static synthetic java.lang.String access$000(io.flutter.embedding.engine.dart.DartExecutor)
    public void setMessageHandler(java.lang.String,io.flutter.plugin.common.BinaryMessenger$BinaryMessageHandler,io.flutter.plugin.common.BinaryMessenger$TaskQueue)
io.flutter.embedding.engine.deferredcomponents.DeferredComponentManager:
    public abstract void destroy()
    public abstract java.lang.String getDeferredComponentInstallState(int,java.lang.String)
    public abstract void installDeferredComponent(int,java.lang.String)
    public abstract void setDeferredComponentChannel(io.flutter.embedding.engine.systemchannels.DeferredComponentChannel)
    public abstract boolean uninstallDeferredComponent(int,java.lang.String)
io.flutter.embedding.engine.loader.ResourceExtractor:
    void waitForCompletion()
io.flutter.embedding.engine.systemchannels.DeferredComponentChannel:
    private io.flutter.embedding.engine.deferredcomponents.DeferredComponentManager deferredComponentManager
    static synthetic java.util.Map access$100(io.flutter.embedding.engine.systemchannels.DeferredComponentChannel)
    public void setDeferredComponentManager(io.flutter.embedding.engine.deferredcomponents.DeferredComponentManager)
io.flutter.embedding.engine.systemchannels.PlatformChannel$PlatformMessageHandler$-CC
io.flutter.plugin.common.BasicMessageChannel:
    private final io.flutter.plugin.common.BinaryMessenger$TaskQueue taskQueue
io.flutter.plugin.common.BinaryMessenger$-CC
io.flutter.plugin.common.BinaryMessenger:
    public abstract void setMessageHandler(java.lang.String,io.flutter.plugin.common.BinaryMessenger$BinaryMessageHandler,io.flutter.plugin.common.BinaryMessenger$TaskQueue)
io.flutter.plugin.common.MethodChannel:
    private final io.flutter.plugin.common.BinaryMessenger$TaskQueue taskQueue
io.flutter.plugin.platform.PlatformPlugin$PlatformPluginDelegate$-CC
io.flutter.plugin.platform.PlatformView$-CC
io.flutter.plugin.platform.VirtualDisplayController:
    private static java.lang.String TAG
io.flutter.plugins.urllauncher.UrlLauncher:
    static final synthetic boolean $assertionsDisabled
io.flutter.view.TextureRegistry$SurfaceTextureEntry$-CC